<?xml version="1.0" encoding="UTF-8"?>
<testsuite name="censusapp.MemberTest" tests="11" skipped="0" failures="0" errors="0" timestamp="2021-06-22T16:05:28" hostname="LAPTOP-97JO639B" time="0.787">
  <properties/>
  <testcase name="invalidDate()" classname="censusapp.MemberTest" time="0.029"/>
  <testcase name="lengthFirstName()" classname="censusapp.MemberTest" time="0.001"/>
  <testcase name="lengthMiddleName()" classname="censusapp.MemberTest" time="0.002"/>
  <testcase name="emptyLastName()" classname="censusapp.MemberTest" time="0.002"/>
  <testcase name="checkAgeNotNegative()" classname="censusapp.MemberTest" time="0.015"/>
  <testcase name="testAddMember()" classname="censusapp.MemberTest" time="0.682"/>
  <testcase name="emptyGender()" classname="censusapp.MemberTest" time="0.002"/>
  <testcase name="lengthLastName()" classname="censusapp.MemberTest" time="0.001"/>
  <testcase name="checkAgeLessThan125()" classname="censusapp.MemberTest" time="0.003"/>
  <testcase name="testGetMembers()" classname="censusapp.MemberTest" time="0.038"/>
  <testcase name="emptyFirstName()" classname="censusapp.MemberTest" time="0.002"/>
  <system-out><![CDATA[Fri Feb 02 00:00:00 IST 2024
-3
Thu Feb 02 00:00:00 IST 1888
133
]]></system-out>
  <system-err><![CDATA[]]></system-err>
</testsuite>
